<?xml version="1.0" encoding="UTF-8"?>
<testng-results ignored="0" total="2" passed="2" failed="0" skipped="0">
  <reporter-output>
  </reporter-output>
  <suite started-at="2022-07-26T17:42:41 IST" name="ui.LoginTest" finished-at="2022-07-26T17:42:41 IST" duration-ms="65">
    <groups>
    </groups>
    <test started-at="2022-07-26T17:42:41 IST" name="Command line test" finished-at="2022-07-26T17:42:41 IST" duration-ms="65">
      <class name="ui.LoginTest">
        <test-method is-config="true" signature="LoginToApplication()[pri:0, instance:ui.LoginTest@146044d7]" started-at="2022-07-26T17:42:41 IST" name="LoginToApplication" finished-at="2022-07-26T17:42:41 IST" duration-ms="14" status="PASS">
          <reporter-output>
          </reporter-output>
        </test-method> <!-- LoginToApplication -->
        <test-method is-config="true" signature="connectToDB()[pri:0, instance:ui.LoginTest@146044d7]" started-at="2022-07-26T17:42:41 IST" name="connectToDB" finished-at="2022-07-26T17:42:41 IST" duration-ms="0" status="PASS">
          <reporter-output>
          </reporter-output>
        </test-method> <!-- connectToDB -->
        <test-method signature="alogoutTest()[pri:0, instance:ui.LoginTest@146044d7]" started-at="2022-07-26T17:42:41 IST" name="alogoutTest" description="This is the login test" finished-at="2022-07-26T17:42:41 IST" duration-ms="2" status="PASS">
          <reporter-output>
          </reporter-output>
        </test-method> <!-- alogoutTest -->
        <test-method is-config="true" signature="disconnectFromDB()[pri:0, instance:ui.LoginTest@146044d7]" started-at="2022-07-26T17:42:41 IST" name="disconnectFromDB" finished-at="2022-07-26T17:42:41 IST" duration-ms="0" status="PASS">
          <reporter-output>
          </reporter-output>
        </test-method> <!-- disconnectFromDB -->
        <test-method is-config="true" signature="connectToDB()[pri:0, instance:ui.LoginTest@146044d7]" started-at="2022-07-26T17:42:41 IST" name="connectToDB" finished-at="2022-07-26T17:42:41 IST" duration-ms="1" status="PASS">
          <reporter-output>
          </reporter-output>
        </test-method> <!-- connectToDB -->
        <test-method signature="bloginTest()[pri:1, instance:ui.LoginTest@146044d7]" started-at="2022-07-26T17:42:41 IST" name="bloginTest" description="This is the login test" finished-at="2022-07-26T17:42:41 IST" duration-ms="0" status="PASS">
          <reporter-output>
          </reporter-output>
        </test-method> <!-- bloginTest -->
        <test-method is-config="true" signature="disconnectFromDB()[pri:0, instance:ui.LoginTest@146044d7]" started-at="2022-07-26T17:42:41 IST" name="disconnectFromDB" finished-at="2022-07-26T17:42:41 IST" duration-ms="1" status="PASS">
          <reporter-output>
          </reporter-output>
        </test-method> <!-- disconnectFromDB -->
        <test-method is-config="true" signature="LogoutFromApplication()[pri:0, instance:ui.LoginTest@146044d7]" started-at="2022-07-26T17:42:41 IST" name="LogoutFromApplication" finished-at="2022-07-26T17:42:41 IST" duration-ms="0" status="PASS">
          <reporter-output>
          </reporter-output>
        </test-method> <!-- LogoutFromApplication -->
      </class> <!-- ui.LoginTest -->
    </test> <!-- Command line test -->
  </suite> <!-- ui.LoginTest -->
</testng-results>
