<?xml version="1.0" encoding="UTF-8"?>
<testng-results ignored="0" total="1" passed="1" failed="0" skipped="0">
  <reporter-output>
  </reporter-output>
  <suite started-at="2022-07-27T09:39:04 IST" name="Default suite" finished-at="2022-07-27T09:39:04 IST" duration-ms="143">
    <groups>
    </groups>
    <test started-at="2022-07-27T09:39:04 IST" name="Default test" finished-at="2022-07-27T09:39:04 IST" duration-ms="143">
      <class name="ui.LoginTest">
        <test-method signature="bloginTest()[pri:0, instance:ui.LoginTest@15ff3e9e]" started-at="2022-07-27T09:39:04 IST" name="bloginTest" finished-at="2022-07-27T09:39:04 IST" duration-ms="19" status="PASS">
          <reporter-output>
          </reporter-output>
        </test-method> <!-- bloginTest -->
      </class> <!-- ui.LoginTest -->
    </test> <!-- Default test -->
  </suite> <!-- Default suite -->
</testng-results>
